Flow report for DE2_Media_Computer
Mon Oct 31 17:32:55 2016
Quartus II 64-Bit Version 13.0.1 Build 232 06/12/2013 Service Pack 1 SJ Web Edition


---------------------
; Table of Contents ;
---------------------
  1. Legal Notice
  2. Flow Summary
  3. Flow Settings
  4. Flow Non-Default Global Settings
  5. Flow Elapsed Time
  6. Flow OS Summary
  7. Flow Log
  8. Flow Messages
  9. Flow Suppressed Messages



----------------
; Legal Notice ;
----------------
Copyright (C) 1991-2013 Altera Corporation
Your use of Altera Corporation's design tools, logic functions 
and other software and tools, and its AMPP partner logic 
functions, and any output files from any of the foregoing 
(including device programming or simulation files), and any 
associated documentation or information are expressly subject 
to the terms and conditions of the Altera Program License 
Subscription Agreement, Altera MegaCore Function License 
Agreement, or other applicable license agreement, including, 
without limitation, that your use is for the sole purpose of 
programming logic devices manufactured by Altera and sold by 
Altera or its authorized distributors.  Please refer to the 
applicable agreement for further details.



+--------------------------------------------------------------------------------------+
; Flow Summary                                                                         ;
+------------------------------------+-------------------------------------------------+
; Flow Status                        ; Successful - Mon Oct 31 17:32:46 2016           ;
; Quartus II 64-Bit Version          ; 13.0.1 Build 232 06/12/2013 SP 1 SJ Web Edition ;
; Revision Name                      ; DE2_Media_Computer                              ;
; Top-level Entity Name              ; DE2_Media_Computer                              ;
; Family                             ; Cyclone II                                      ;
; Device                             ; EP2C35F672C6                                    ;
; Timing Models                      ; Final                                           ;
; Total logic elements               ; 6,778 / 33,216 ( 20 % )                         ;
;     Total combinational functions  ; 6,134 / 33,216 ( 18 % )                         ;
;     Dedicated logic registers      ; 4,414 / 33,216 ( 13 % )                         ;
; Total registers                    ; 4674                                            ;
; Total pins                         ; 416 / 475 ( 88 % )                              ;
; Total virtual pins                 ; 0                                               ;
; Total memory bits                  ; 139,904 / 483,840 ( 29 % )                      ;
; Embedded Multiplier 9-bit elements ; 4 / 70 ( 6 % )                                  ;
; Total PLLs                         ; 1 / 4 ( 25 % )                                  ;
+------------------------------------+-------------------------------------------------+


+-----------------------------------------+
; Flow Settings                           ;
+-------------------+---------------------+
; Option            ; Setting             ;
+-------------------+---------------------+
; Start date & time ; 10/31/2016 17:30:23 ;
; Main task         ; Compilation         ;
; Revision Name     ; DE2_Media_Computer  ;
+-------------------+---------------------+


+--------------------------------------------------------------------------------------------------------------------------------------------------------------------------------+
; Flow Non-Default Global Settings                                                                                                                                               ;
+-------------------------------------+---------------------------------------------------------------------------+---------------+---------------------------------+------------+
; Assignment Name                     ; Value                                                                     ; Default Value ; Entity Name                     ; Section Id ;
+-------------------------------------+---------------------------------------------------------------------------+---------------+---------------------------------+------------+
; COMPILER_SIGNATURE_ID               ; 0.147794222300479                                                         ; --            ; --                              ; --         ;
; ENABLE_SIGNALTAP                    ; Off                                                                       ; --            ; --                              ; --         ;
; FMAX_REQUIREMENT                    ; 50 MHz                                                                    ; --            ; --                              ; --         ;
; IGNORE_CLOCK_SETTINGS               ; On                                                                        ; Off           ; --                              ; --         ;
; IP_TOOL_ENV                         ; Qsys                                                                      ; --            ; altera_avalon_sc_fifo           ; --         ;
; IP_TOOL_ENV                         ; Qsys                                                                      ; --            ; altera_merlin_burst_adapter     ; --         ;
; IP_TOOL_ENV                         ; Qsys                                                                      ; --            ; altera_merlin_master_agent      ; --         ;
; IP_TOOL_ENV                         ; Qsys                                                                      ; --            ; altera_merlin_master_translator ; --         ;
; IP_TOOL_ENV                         ; Qsys                                                                      ; --            ; altera_merlin_slave_agent       ; --         ;
; IP_TOOL_ENV                         ; Qsys                                                                      ; --            ; altera_merlin_slave_translator  ; --         ;
; IP_TOOL_ENV                         ; Qsys                                                                      ; --            ; altera_merlin_traffic_limiter   ; --         ;
; IP_TOOL_ENV                         ; Qsys                                                                      ; --            ; altera_merlin_width_adapter     ; --         ;
; IP_TOOL_ENV                         ; Qsys                                                                      ; --            ; altera_reset_controller         ; --         ;
; IP_TOOL_ENV                         ; Qsys                                                                      ; --            ; nios_system                     ; --         ;
; IP_TOOL_ENV                         ; Qsys                                                                      ; --            ; nios_system_CPU                 ; --         ;
; IP_TOOL_ENV                         ; Qsys                                                                      ; --            ; nios_system_Interval_Timer      ; --         ;
; IP_TOOL_ENV                         ; Qsys                                                                      ; --            ; nios_system_JTAG_UART           ; --         ;
; IP_TOOL_ENV                         ; Qsys                                                                      ; --            ; nios_system_SDRAM               ; --         ;
; IP_TOOL_ENV                         ; Qsys                                                                      ; --            ; nios_system_addr_router         ; --         ;
; IP_TOOL_ENV                         ; Qsys                                                                      ; --            ; nios_system_addr_router_001     ; --         ;
; IP_TOOL_ENV                         ; Qsys                                                                      ; --            ; nios_system_addr_router_002     ; --         ;
; IP_TOOL_ENV                         ; Qsys                                                                      ; --            ; nios_system_cmd_xbar_demux      ; --         ;
; IP_TOOL_ENV                         ; Qsys                                                                      ; --            ; nios_system_cmd_xbar_demux_001  ; --         ;
; IP_TOOL_ENV                         ; Qsys                                                                      ; --            ; nios_system_cmd_xbar_demux_002  ; --         ;
; IP_TOOL_ENV                         ; Qsys                                                                      ; --            ; nios_system_cmd_xbar_mux        ; --         ;
; IP_TOOL_ENV                         ; Qsys                                                                      ; --            ; nios_system_cmd_xbar_mux_001    ; --         ;
; IP_TOOL_ENV                         ; Qsys                                                                      ; --            ; nios_system_id_router           ; --         ;
; IP_TOOL_ENV                         ; Qsys                                                                      ; --            ; nios_system_id_router_001       ; --         ;
; IP_TOOL_ENV                         ; Qsys                                                                      ; --            ; nios_system_id_router_002       ; --         ;
; IP_TOOL_ENV                         ; Qsys                                                                      ; --            ; nios_system_id_router_011       ; --         ;
; IP_TOOL_ENV                         ; Qsys                                                                      ; --            ; nios_system_id_router_012       ; --         ;
; IP_TOOL_ENV                         ; Qsys                                                                      ; --            ; nios_system_irq_mapper          ; --         ;
; IP_TOOL_ENV                         ; Qsys                                                                      ; --            ; nios_system_rsp_xbar_demux      ; --         ;
; IP_TOOL_ENV                         ; Qsys                                                                      ; --            ; nios_system_rsp_xbar_demux_001  ; --         ;
; IP_TOOL_ENV                         ; Qsys                                                                      ; --            ; nios_system_rsp_xbar_demux_002  ; --         ;
; IP_TOOL_ENV                         ; Qsys                                                                      ; --            ; nios_system_rsp_xbar_demux_011  ; --         ;
; IP_TOOL_ENV                         ; Qsys                                                                      ; --            ; nios_system_rsp_xbar_mux        ; --         ;
; IP_TOOL_ENV                         ; Qsys                                                                      ; --            ; nios_system_rsp_xbar_mux_001    ; --         ;
; IP_TOOL_ENV                         ; Qsys                                                                      ; --            ; nios_system_sysid               ; --         ;
; IP_TOOL_NAME                        ; altera_avalon_sc_fifo                                                     ; --            ; altera_avalon_sc_fifo           ; --         ;
; IP_TOOL_NAME                        ; altera_merlin_burst_adapter                                               ; --            ; altera_merlin_burst_adapter     ; --         ;
; IP_TOOL_NAME                        ; altera_merlin_master_agent                                                ; --            ; altera_merlin_master_agent      ; --         ;
; IP_TOOL_NAME                        ; altera_merlin_master_translator                                           ; --            ; altera_merlin_master_translator ; --         ;
; IP_TOOL_NAME                        ; altera_merlin_slave_agent                                                 ; --            ; altera_merlin_slave_agent       ; --         ;
; IP_TOOL_NAME                        ; altera_merlin_slave_translator                                            ; --            ; altera_merlin_slave_translator  ; --         ;
; IP_TOOL_NAME                        ; altera_merlin_traffic_limiter                                             ; --            ; altera_merlin_traffic_limiter   ; --         ;
; IP_TOOL_NAME                        ; altera_merlin_width_adapter                                               ; --            ; altera_merlin_width_adapter     ; --         ;
; IP_TOOL_NAME                        ; altera_reset_controller                                                   ; --            ; altera_reset_controller         ; --         ;
; IP_TOOL_NAME                        ; Qsys                                                                      ; --            ; nios_system                     ; --         ;
; IP_TOOL_NAME                        ; altera_nios2_qsys                                                         ; --            ; nios_system_CPU                 ; --         ;
; IP_TOOL_NAME                        ; altera_avalon_timer                                                       ; --            ; nios_system_Interval_Timer      ; --         ;
; IP_TOOL_NAME                        ; altera_avalon_jtag_uart                                                   ; --            ; nios_system_JTAG_UART           ; --         ;
; IP_TOOL_NAME                        ; altera_avalon_new_sdram_controller                                        ; --            ; nios_system_SDRAM               ; --         ;
; IP_TOOL_NAME                        ; altera_merlin_router                                                      ; --            ; nios_system_addr_router         ; --         ;
; IP_TOOL_NAME                        ; altera_merlin_router                                                      ; --            ; nios_system_addr_router_001     ; --         ;
; IP_TOOL_NAME                        ; altera_merlin_router                                                      ; --            ; nios_system_addr_router_002     ; --         ;
; IP_TOOL_NAME                        ; altera_merlin_demultiplexer                                               ; --            ; nios_system_cmd_xbar_demux      ; --         ;
; IP_TOOL_NAME                        ; altera_merlin_demultiplexer                                               ; --            ; nios_system_cmd_xbar_demux_001  ; --         ;
; IP_TOOL_NAME                        ; altera_merlin_demultiplexer                                               ; --            ; nios_system_cmd_xbar_demux_002  ; --         ;
; IP_TOOL_NAME                        ; altera_merlin_multiplexer                                                 ; --            ; nios_system_cmd_xbar_mux        ; --         ;
; IP_TOOL_NAME                        ; altera_merlin_multiplexer                                                 ; --            ; nios_system_cmd_xbar_mux_001    ; --         ;
; IP_TOOL_NAME                        ; altera_merlin_router                                                      ; --            ; nios_system_id_router           ; --         ;
; IP_TOOL_NAME                        ; altera_merlin_router                                                      ; --            ; nios_system_id_router_001       ; --         ;
; IP_TOOL_NAME                        ; altera_merlin_router                                                      ; --            ; nios_system_id_router_002       ; --         ;
; IP_TOOL_NAME                        ; altera_merlin_router                                                      ; --            ; nios_system_id_router_011       ; --         ;
; IP_TOOL_NAME                        ; altera_merlin_router                                                      ; --            ; nios_system_id_router_012       ; --         ;
; IP_TOOL_NAME                        ; altera_irq_mapper                                                         ; --            ; nios_system_irq_mapper          ; --         ;
; IP_TOOL_NAME                        ; altera_merlin_demultiplexer                                               ; --            ; nios_system_rsp_xbar_demux      ; --         ;
; IP_TOOL_NAME                        ; altera_merlin_demultiplexer                                               ; --            ; nios_system_rsp_xbar_demux_001  ; --         ;
; IP_TOOL_NAME                        ; altera_merlin_demultiplexer                                               ; --            ; nios_system_rsp_xbar_demux_002  ; --         ;
; IP_TOOL_NAME                        ; altera_merlin_demultiplexer                                               ; --            ; nios_system_rsp_xbar_demux_011  ; --         ;
; IP_TOOL_NAME                        ; altera_merlin_multiplexer                                                 ; --            ; nios_system_rsp_xbar_mux        ; --         ;
; IP_TOOL_NAME                        ; altera_merlin_multiplexer                                                 ; --            ; nios_system_rsp_xbar_mux_001    ; --         ;
; IP_TOOL_NAME                        ; altera_avalon_sysid_qsys                                                  ; --            ; nios_system_sysid               ; --         ;
; IP_TOOL_VERSION                     ; 13.0                                                                      ; --            ; altera_avalon_sc_fifo           ; --         ;
; IP_TOOL_VERSION                     ; 13.0                                                                      ; --            ; altera_merlin_burst_adapter     ; --         ;
; IP_TOOL_VERSION                     ; 13.0                                                                      ; --            ; altera_merlin_master_agent      ; --         ;
; IP_TOOL_VERSION                     ; 13.0                                                                      ; --            ; altera_merlin_master_translator ; --         ;
; IP_TOOL_VERSION                     ; 13.0                                                                      ; --            ; altera_merlin_slave_agent       ; --         ;
; IP_TOOL_VERSION                     ; 13.0                                                                      ; --            ; altera_merlin_slave_translator  ; --         ;
; IP_TOOL_VERSION                     ; 13.0                                                                      ; --            ; altera_merlin_traffic_limiter   ; --         ;
; IP_TOOL_VERSION                     ; 13.0                                                                      ; --            ; altera_merlin_width_adapter     ; --         ;
; IP_TOOL_VERSION                     ; 13.0                                                                      ; --            ; altera_reset_controller         ; --         ;
; IP_TOOL_VERSION                     ; 13.0sp1                                                                   ; --            ; nios_system                     ; --         ;
; IP_TOOL_VERSION                     ; 13.0                                                                      ; --            ; nios_system_CPU                 ; --         ;
; IP_TOOL_VERSION                     ; 13.0.1.99.2                                                               ; --            ; nios_system_Interval_Timer      ; --         ;
; IP_TOOL_VERSION                     ; 13.0.1.99.2                                                               ; --            ; nios_system_JTAG_UART           ; --         ;
; IP_TOOL_VERSION                     ; 13.0.1.99.2                                                               ; --            ; nios_system_SDRAM               ; --         ;
; IP_TOOL_VERSION                     ; 13.0                                                                      ; --            ; nios_system_addr_router         ; --         ;
; IP_TOOL_VERSION                     ; 13.0                                                                      ; --            ; nios_system_addr_router_001     ; --         ;
; IP_TOOL_VERSION                     ; 13.0                                                                      ; --            ; nios_system_addr_router_002     ; --         ;
; IP_TOOL_VERSION                     ; 13.0                                                                      ; --            ; nios_system_cmd_xbar_demux      ; --         ;
; IP_TOOL_VERSION                     ; 13.0                                                                      ; --            ; nios_system_cmd_xbar_demux_001  ; --         ;
; IP_TOOL_VERSION                     ; 13.0                                                                      ; --            ; nios_system_cmd_xbar_demux_002  ; --         ;
; IP_TOOL_VERSION                     ; 13.0                                                                      ; --            ; nios_system_cmd_xbar_mux        ; --         ;
; IP_TOOL_VERSION                     ; 13.0                                                                      ; --            ; nios_system_cmd_xbar_mux_001    ; --         ;
; IP_TOOL_VERSION                     ; 13.0                                                                      ; --            ; nios_system_id_router           ; --         ;
; IP_TOOL_VERSION                     ; 13.0                                                                      ; --            ; nios_system_id_router_001       ; --         ;
; IP_TOOL_VERSION                     ; 13.0                                                                      ; --            ; nios_system_id_router_002       ; --         ;
; IP_TOOL_VERSION                     ; 13.0                                                                      ; --            ; nios_system_id_router_011       ; --         ;
; IP_TOOL_VERSION                     ; 13.0                                                                      ; --            ; nios_system_id_router_012       ; --         ;
; IP_TOOL_VERSION                     ; 13.0                                                                      ; --            ; nios_system_irq_mapper          ; --         ;
; IP_TOOL_VERSION                     ; 13.0                                                                      ; --            ; nios_system_rsp_xbar_demux      ; --         ;
; IP_TOOL_VERSION                     ; 13.0                                                                      ; --            ; nios_system_rsp_xbar_demux_001  ; --         ;
; IP_TOOL_VERSION                     ; 13.0                                                                      ; --            ; nios_system_rsp_xbar_demux_002  ; --         ;
; IP_TOOL_VERSION                     ; 13.0                                                                      ; --            ; nios_system_rsp_xbar_demux_011  ; --         ;
; IP_TOOL_VERSION                     ; 13.0                                                                      ; --            ; nios_system_rsp_xbar_mux        ; --         ;
; IP_TOOL_VERSION                     ; 13.0                                                                      ; --            ; nios_system_rsp_xbar_mux_001    ; --         ;
; IP_TOOL_VERSION                     ; 13.0                                                                      ; --            ; nios_system_sysid               ; --         ;
; MAX_CORE_JUNCTION_TEMP              ; 85                                                                        ; --            ; --                              ; --         ;
; MIN_CORE_JUNCTION_TEMP              ; 0                                                                         ; --            ; --                              ; --         ;
; MISC_FILE                           ; nios_system/synthesis/../../nios_system.cmp                               ; --            ; --                              ; --         ;
; MISC_FILE                           ; nios_system/synthesis/../../nios_system.qsys                              ; --            ; --                              ; --         ;
; PARTITION_COLOR                     ; 2147039                                                                   ; --            ; --                              ; Top        ;
; PARTITION_FITTER_PRESERVATION_LEVEL ; PLACEMENT_AND_ROUTING                                                     ; --            ; --                              ; Top        ;
; PARTITION_NETLIST_TYPE              ; SOURCE                                                                    ; --            ; --                              ; Top        ;
; POWER_BOARD_THERMAL_MODEL           ; None (CONSERVATIVE)                                                       ; --            ; --                              ; --         ;
; POWER_PRESET_COOLING_SOLUTION       ; 23 MM HEAT SINK WITH 200 LFPM AIRFLOW                                     ; --            ; --                              ; --         ;
; SLD_FILE                            ; U:/Computer_Systems/DE2/DE2_Media_Computer/verilog/stp1_auto_stripped.stp ; --            ; --                              ; --         ;
; SLD_INFO                            ; QSYS_NAME nios_system HAS_SOPCINFO 1 GENERATION_ID 1477941732             ; --            ; nios_system                     ; --         ;
; SOPCINFO_FILE                       ; nios_system/synthesis/../../nios_system.sopcinfo                          ; --            ; --                              ; --         ;
; SYNTHESIS_ONLY_QIP                  ; On                                                                        ; --            ; --                              ; --         ;
; USE_SIGNALTAP_FILE                  ; stp1.stp                                                                  ; --            ; --                              ; --         ;
+-------------------------------------+---------------------------------------------------------------------------+---------------+---------------------------------+------------+


+-------------------------------------------------------------------------------------------------------------------------------+
; Flow Elapsed Time                                                                                                             ;
+---------------------------+--------------+-------------------------+---------------------+------------------------------------+
; Module Name               ; Elapsed Time ; Average Processors Used ; Peak Virtual Memory ; Total CPU Time (on all processors) ;
+---------------------------+--------------+-------------------------+---------------------+------------------------------------+
; Analysis & Synthesis      ; 00:00:51     ; 1.0                     ; 834 MB              ; 00:00:50                           ;
; Fitter                    ; 00:01:13     ; 1.0                     ; 831 MB              ; 00:01:12                           ;
; Assembler                 ; 00:00:04     ; 1.0                     ; 586 MB              ; 00:00:04                           ;
; TimeQuest Timing Analyzer ; 00:00:06     ; 1.0                     ; 620 MB              ; 00:00:06                           ;
; Total                     ; 00:02:14     ; --                      ; --                  ; 00:02:12                           ;
+---------------------------+--------------+-------------------------+---------------------+------------------------------------+


+-----------------------------------------------------------------------------------------+
; Flow OS Summary                                                                         ;
+---------------------------+------------------+------------+------------+----------------+
; Module Name               ; Machine Hostname ; OS Name    ; OS Version ; Processor type ;
+---------------------------+------------------+------------+------------+----------------+
; Analysis & Synthesis      ; arch-5437        ; Arch Linux ; Arch Linux ; x86_64         ;
; Fitter                    ; arch-5437        ; Arch Linux ; Arch Linux ; x86_64         ;
; Assembler                 ; arch-5437        ; Arch Linux ; Arch Linux ; x86_64         ;
; TimeQuest Timing Analyzer ; arch-5437        ; Arch Linux ; Arch Linux ; x86_64         ;
+---------------------------+------------------+------------+------------+----------------+


------------
; Flow Log ;
------------
quartus_map --read_settings_files=on --write_settings_files=off DE2_Media_Computer -c DE2_Media_Computer
quartus_fit --read_settings_files=off --write_settings_files=off DE2_Media_Computer -c DE2_Media_Computer
quartus_asm --read_settings_files=off --write_settings_files=off DE2_Media_Computer -c DE2_Media_Computer
quartus_sta DE2_Media_Computer -c DE2_Media_Computer



